
2022/09/14 19:31:57 /Users/likangjian/wwwroot/gocode/pkg/mod/gorm.io/driver/mysql@v1.3.6/migrator.go:250
[5.512ms] [rows:-] SELECT DATABASE()

2022/09/14 19:31:57 /Users/likangjian/wwwroot/gocode/pkg/mod/gorm.io/driver/mysql@v1.3.6/migrator.go:253
[11.509ms] [rows:1] SELECT SCHEMA_NAME from Information_schema.SCHEMATA where SCHEMA_NAME LIKE 'go-test%' ORDER BY SCHEMA_NAME='go-test' DESC,SCHEMA_NAME limit 1

2022/09/14 19:31:57 /Users/likangjian/wwwroot/gocode/src/gin-base/bootstrap/db.go:108
[10.945ms] [rows:-] SELECT count(*) FROM information_schema.tables WHERE table_schema = 'go-test' AND table_name = 'users' AND table_type = 'BASE TABLE'

2022/09/14 19:31:57 /Users/likangjian/wwwroot/gocode/pkg/mod/gorm.io/driver/mysql@v1.3.6/migrator.go:250
[5.136ms] [rows:-] SELECT DATABASE()

2022/09/14 19:31:57 /Users/likangjian/wwwroot/gocode/pkg/mod/gorm.io/driver/mysql@v1.3.6/migrator.go:253
[17.568ms] [rows:1] SELECT SCHEMA_NAME from Information_schema.SCHEMATA where SCHEMA_NAME LIKE 'go-test%' ORDER BY SCHEMA_NAME='go-test' DESC,SCHEMA_NAME limit 1

2022/09/14 19:31:58 /Users/likangjian/wwwroot/gocode/pkg/mod/gorm.io/driver/mysql@v1.3.6/migrator.go:163
[6.777ms] [rows:-] SELECT * FROM `users` LIMIT 1

2022/09/14 19:31:58 /Users/likangjian/wwwroot/gocode/pkg/mod/gorm.io/driver/mysql@v1.3.6/migrator.go:181
[12.987ms] [rows:-] SELECT column_name, column_default, is_nullable = 'YES', data_type, character_maximum_length, column_type, column_key, extra, column_comment, numeric_precision, numeric_scale FROM information_schema.columns WHERE table_schema = 'go-test' AND table_name = 'users' ORDER BY ORDINAL_POSITION

2022/09/14 19:31:58 /Users/likangjian/wwwroot/gocode/pkg/mod/gorm.io/driver/mysql@v1.3.6/migrator.go:250
[4.245ms] [rows:-] SELECT DATABASE()

2022/09/14 19:31:58 /Users/likangjian/wwwroot/gocode/pkg/mod/gorm.io/driver/mysql@v1.3.6/migrator.go:253
[10.300ms] [rows:1] SELECT SCHEMA_NAME from Information_schema.SCHEMATA where SCHEMA_NAME LIKE 'go-test%' ORDER BY SCHEMA_NAME='go-test' DESC,SCHEMA_NAME limit 1

2022/09/14 19:31:58 /Users/likangjian/wwwroot/gocode/src/gin-base/bootstrap/db.go:108
[10.599ms] [rows:-] SELECT count(*) FROM information_schema.statistics WHERE table_schema = 'go-test' AND table_name = 'users' AND index_name = 'idx_users_mobile'

2022/09/14 19:31:58 /Users/likangjian/wwwroot/gocode/pkg/mod/gorm.io/driver/mysql@v1.3.6/migrator.go:250
[4.853ms] [rows:-] SELECT DATABASE()

2022/09/14 19:31:58 /Users/likangjian/wwwroot/gocode/pkg/mod/gorm.io/driver/mysql@v1.3.6/migrator.go:253
[10.472ms] [rows:1] SELECT SCHEMA_NAME from Information_schema.SCHEMATA where SCHEMA_NAME LIKE 'go-test%' ORDER BY SCHEMA_NAME='go-test' DESC,SCHEMA_NAME limit 1

2022/09/14 19:31:58 /Users/likangjian/wwwroot/gocode/src/gin-base/bootstrap/db.go:108
[11.295ms] [rows:-] SELECT count(*) FROM information_schema.statistics WHERE table_schema = 'go-test' AND table_name = 'users' AND index_name = 'idx_users_deleted_at'

2022/09/14 19:31:58 /Users/likangjian/wwwroot/gocode/pkg/mod/gorm.io/driver/mysql@v1.3.6/migrator.go:250
[4.828ms] [rows:-] SELECT DATABASE()

2022/09/14 19:31:58 /Users/likangjian/wwwroot/gocode/pkg/mod/gorm.io/driver/mysql@v1.3.6/migrator.go:253
[11.692ms] [rows:1] SELECT SCHEMA_NAME from Information_schema.SCHEMATA where SCHEMA_NAME LIKE 'go-test%' ORDER BY SCHEMA_NAME='go-test' DESC,SCHEMA_NAME limit 1

2022/09/14 19:31:58 /Users/likangjian/wwwroot/gocode/src/gin-base/bootstrap/db.go:108
[11.100ms] [rows:-] SELECT count(*) FROM information_schema.tables WHERE table_schema = 'go-test' AND table_name = 'media' AND table_type = 'BASE TABLE'

2022/09/14 19:31:58 /Users/likangjian/wwwroot/gocode/pkg/mod/gorm.io/driver/mysql@v1.3.6/migrator.go:250
[4.982ms] [rows:-] SELECT DATABASE()

2022/09/14 19:31:58 /Users/likangjian/wwwroot/gocode/pkg/mod/gorm.io/driver/mysql@v1.3.6/migrator.go:253
[11.332ms] [rows:1] SELECT SCHEMA_NAME from Information_schema.SCHEMATA where SCHEMA_NAME LIKE 'go-test%' ORDER BY SCHEMA_NAME='go-test' DESC,SCHEMA_NAME limit 1

2022/09/14 19:31:58 /Users/likangjian/wwwroot/gocode/pkg/mod/gorm.io/driver/mysql@v1.3.6/migrator.go:163
[5.501ms] [rows:-] SELECT * FROM `media` LIMIT 1

2022/09/14 19:31:58 /Users/likangjian/wwwroot/gocode/pkg/mod/gorm.io/driver/mysql@v1.3.6/migrator.go:181
[11.620ms] [rows:-] SELECT column_name, column_default, is_nullable = 'YES', data_type, character_maximum_length, column_type, column_key, extra, column_comment, numeric_precision, numeric_scale FROM information_schema.columns WHERE table_schema = 'go-test' AND table_name = 'media' ORDER BY ORDINAL_POSITION

2022/09/14 19:31:58 /Users/likangjian/wwwroot/gocode/pkg/mod/gorm.io/driver/mysql@v1.3.6/migrator.go:250
[5.444ms] [rows:-] SELECT DATABASE()

2022/09/14 19:31:58 /Users/likangjian/wwwroot/gocode/pkg/mod/gorm.io/driver/mysql@v1.3.6/migrator.go:253
[10.448ms] [rows:1] SELECT SCHEMA_NAME from Information_schema.SCHEMATA where SCHEMA_NAME LIKE 'go-test%' ORDER BY SCHEMA_NAME='go-test' DESC,SCHEMA_NAME limit 1

2022/09/14 19:31:58 /Users/likangjian/wwwroot/gocode/src/gin-base/bootstrap/db.go:108
[11.422ms] [rows:-] SELECT count(*) FROM information_schema.statistics WHERE table_schema = 'go-test' AND table_name = 'media' AND index_name = 'idx_media_disk_type'

2022/09/14 19:32:23 /Users/likangjian/wwwroot/gocode/src/gin-base/app/services/media.go:72
[28.997ms] [rows:1] INSERT INTO `media` (`disk_type`,`src_type`,`src`,`created_at`,`updated_at`) VALUES ('oss',1,'local/test/79843543-c263-410f-be8a-c5b46ee87ef5.png','2022-09-14 19:32:23.478','2022-09-14 19:32:23.478')

2022/09/14 19:35:45 /Users/likangjian/wwwroot/gocode/pkg/mod/gorm.io/driver/mysql@v1.3.6/migrator.go:250
[5.361ms] [rows:-] SELECT DATABASE()

2022/09/14 19:35:45 /Users/likangjian/wwwroot/gocode/pkg/mod/gorm.io/driver/mysql@v1.3.6/migrator.go:253
[11.201ms] [rows:1] SELECT SCHEMA_NAME from Information_schema.SCHEMATA where SCHEMA_NAME LIKE 'go-test%' ORDER BY SCHEMA_NAME='go-test' DESC,SCHEMA_NAME limit 1

2022/09/14 19:35:45 /Users/likangjian/wwwroot/gocode/src/gin-base/bootstrap/db.go:108
[13.570ms] [rows:-] SELECT count(*) FROM information_schema.tables WHERE table_schema = 'go-test' AND table_name = 'users' AND table_type = 'BASE TABLE'

2022/09/14 19:35:45 /Users/likangjian/wwwroot/gocode/pkg/mod/gorm.io/driver/mysql@v1.3.6/migrator.go:250
[6.168ms] [rows:-] SELECT DATABASE()

2022/09/14 19:35:45 /Users/likangjian/wwwroot/gocode/pkg/mod/gorm.io/driver/mysql@v1.3.6/migrator.go:253
[13.421ms] [rows:1] SELECT SCHEMA_NAME from Information_schema.SCHEMATA where SCHEMA_NAME LIKE 'go-test%' ORDER BY SCHEMA_NAME='go-test' DESC,SCHEMA_NAME limit 1

2022/09/14 19:35:45 /Users/likangjian/wwwroot/gocode/pkg/mod/gorm.io/driver/mysql@v1.3.6/migrator.go:163
[6.832ms] [rows:-] SELECT * FROM `users` LIMIT 1

2022/09/14 19:35:45 /Users/likangjian/wwwroot/gocode/pkg/mod/gorm.io/driver/mysql@v1.3.6/migrator.go:181
[15.050ms] [rows:-] SELECT column_name, column_default, is_nullable = 'YES', data_type, character_maximum_length, column_type, column_key, extra, column_comment, numeric_precision, numeric_scale FROM information_schema.columns WHERE table_schema = 'go-test' AND table_name = 'users' ORDER BY ORDINAL_POSITION

2022/09/14 19:35:45 /Users/likangjian/wwwroot/gocode/pkg/mod/gorm.io/driver/mysql@v1.3.6/migrator.go:250
[5.329ms] [rows:-] SELECT DATABASE()

2022/09/14 19:35:45 /Users/likangjian/wwwroot/gocode/pkg/mod/gorm.io/driver/mysql@v1.3.6/migrator.go:253
[12.681ms] [rows:1] SELECT SCHEMA_NAME from Information_schema.SCHEMATA where SCHEMA_NAME LIKE 'go-test%' ORDER BY SCHEMA_NAME='go-test' DESC,SCHEMA_NAME limit 1

2022/09/14 19:35:45 /Users/likangjian/wwwroot/gocode/src/gin-base/bootstrap/db.go:108
[13.310ms] [rows:-] SELECT count(*) FROM information_schema.statistics WHERE table_schema = 'go-test' AND table_name = 'users' AND index_name = 'idx_users_mobile'

2022/09/14 19:35:45 /Users/likangjian/wwwroot/gocode/pkg/mod/gorm.io/driver/mysql@v1.3.6/migrator.go:250
[5.883ms] [rows:-] SELECT DATABASE()

2022/09/14 19:35:45 /Users/likangjian/wwwroot/gocode/pkg/mod/gorm.io/driver/mysql@v1.3.6/migrator.go:253
[21.012ms] [rows:1] SELECT SCHEMA_NAME from Information_schema.SCHEMATA where SCHEMA_NAME LIKE 'go-test%' ORDER BY SCHEMA_NAME='go-test' DESC,SCHEMA_NAME limit 1

2022/09/14 19:35:45 /Users/likangjian/wwwroot/gocode/src/gin-base/bootstrap/db.go:108
[13.025ms] [rows:-] SELECT count(*) FROM information_schema.statistics WHERE table_schema = 'go-test' AND table_name = 'users' AND index_name = 'idx_users_deleted_at'

2022/09/14 19:35:45 /Users/likangjian/wwwroot/gocode/pkg/mod/gorm.io/driver/mysql@v1.3.6/migrator.go:250
[6.202ms] [rows:-] SELECT DATABASE()

2022/09/14 19:35:45 /Users/likangjian/wwwroot/gocode/pkg/mod/gorm.io/driver/mysql@v1.3.6/migrator.go:253
[11.179ms] [rows:1] SELECT SCHEMA_NAME from Information_schema.SCHEMATA where SCHEMA_NAME LIKE 'go-test%' ORDER BY SCHEMA_NAME='go-test' DESC,SCHEMA_NAME limit 1

2022/09/14 19:35:45 /Users/likangjian/wwwroot/gocode/src/gin-base/bootstrap/db.go:108
[11.497ms] [rows:-] SELECT count(*) FROM information_schema.tables WHERE table_schema = 'go-test' AND table_name = 'media' AND table_type = 'BASE TABLE'

2022/09/14 19:35:45 /Users/likangjian/wwwroot/gocode/pkg/mod/gorm.io/driver/mysql@v1.3.6/migrator.go:250
[6.138ms] [rows:-] SELECT DATABASE()

2022/09/14 19:35:45 /Users/likangjian/wwwroot/gocode/pkg/mod/gorm.io/driver/mysql@v1.3.6/migrator.go:253
[11.514ms] [rows:1] SELECT SCHEMA_NAME from Information_schema.SCHEMATA where SCHEMA_NAME LIKE 'go-test%' ORDER BY SCHEMA_NAME='go-test' DESC,SCHEMA_NAME limit 1

2022/09/14 19:35:46 /Users/likangjian/wwwroot/gocode/pkg/mod/gorm.io/driver/mysql@v1.3.6/migrator.go:163
[6.357ms] [rows:-] SELECT * FROM `media` LIMIT 1

2022/09/14 19:35:46 /Users/likangjian/wwwroot/gocode/pkg/mod/gorm.io/driver/mysql@v1.3.6/migrator.go:181
[14.132ms] [rows:-] SELECT column_name, column_default, is_nullable = 'YES', data_type, character_maximum_length, column_type, column_key, extra, column_comment, numeric_precision, numeric_scale FROM information_schema.columns WHERE table_schema = 'go-test' AND table_name = 'media' ORDER BY ORDINAL_POSITION

2022/09/14 19:35:46 /Users/likangjian/wwwroot/gocode/pkg/mod/gorm.io/driver/mysql@v1.3.6/migrator.go:250
[5.382ms] [rows:-] SELECT DATABASE()

2022/09/14 19:35:46 /Users/likangjian/wwwroot/gocode/pkg/mod/gorm.io/driver/mysql@v1.3.6/migrator.go:253
[11.856ms] [rows:1] SELECT SCHEMA_NAME from Information_schema.SCHEMATA where SCHEMA_NAME LIKE 'go-test%' ORDER BY SCHEMA_NAME='go-test' DESC,SCHEMA_NAME limit 1

2022/09/14 19:35:46 /Users/likangjian/wwwroot/gocode/src/gin-base/bootstrap/db.go:108
[13.381ms] [rows:-] SELECT count(*) FROM information_schema.statistics WHERE table_schema = 'go-test' AND table_name = 'media' AND index_name = 'idx_media_disk_type'

2022/09/14 19:37:08 /Users/likangjian/wwwroot/gocode/pkg/mod/gorm.io/driver/mysql@v1.3.6/migrator.go:250
[5.848ms] [rows:-] SELECT DATABASE()

2022/09/14 19:37:08 /Users/likangjian/wwwroot/gocode/pkg/mod/gorm.io/driver/mysql@v1.3.6/migrator.go:253
[11.284ms] [rows:1] SELECT SCHEMA_NAME from Information_schema.SCHEMATA where SCHEMA_NAME LIKE 'go-test%' ORDER BY SCHEMA_NAME='go-test' DESC,SCHEMA_NAME limit 1

2022/09/14 19:37:08 /Users/likangjian/wwwroot/gocode/src/gin-base/bootstrap/db.go:108
[11.299ms] [rows:-] SELECT count(*) FROM information_schema.tables WHERE table_schema = 'go-test' AND table_name = 'users' AND table_type = 'BASE TABLE'

2022/09/14 19:37:08 /Users/likangjian/wwwroot/gocode/pkg/mod/gorm.io/driver/mysql@v1.3.6/migrator.go:250
[5.715ms] [rows:-] SELECT DATABASE()

2022/09/14 19:37:08 /Users/likangjian/wwwroot/gocode/pkg/mod/gorm.io/driver/mysql@v1.3.6/migrator.go:253
[11.537ms] [rows:1] SELECT SCHEMA_NAME from Information_schema.SCHEMATA where SCHEMA_NAME LIKE 'go-test%' ORDER BY SCHEMA_NAME='go-test' DESC,SCHEMA_NAME limit 1

2022/09/14 19:37:08 /Users/likangjian/wwwroot/gocode/pkg/mod/gorm.io/driver/mysql@v1.3.6/migrator.go:163
[5.453ms] [rows:-] SELECT * FROM `users` LIMIT 1

2022/09/14 19:37:08 /Users/likangjian/wwwroot/gocode/pkg/mod/gorm.io/driver/mysql@v1.3.6/migrator.go:181
[12.809ms] [rows:-] SELECT column_name, column_default, is_nullable = 'YES', data_type, character_maximum_length, column_type, column_key, extra, column_comment, numeric_precision, numeric_scale FROM information_schema.columns WHERE table_schema = 'go-test' AND table_name = 'users' ORDER BY ORDINAL_POSITION

2022/09/14 19:37:08 /Users/likangjian/wwwroot/gocode/pkg/mod/gorm.io/driver/mysql@v1.3.6/migrator.go:250
[5.157ms] [rows:-] SELECT DATABASE()

2022/09/14 19:37:08 /Users/likangjian/wwwroot/gocode/pkg/mod/gorm.io/driver/mysql@v1.3.6/migrator.go:253
[11.553ms] [rows:1] SELECT SCHEMA_NAME from Information_schema.SCHEMATA where SCHEMA_NAME LIKE 'go-test%' ORDER BY SCHEMA_NAME='go-test' DESC,SCHEMA_NAME limit 1

2022/09/14 19:37:08 /Users/likangjian/wwwroot/gocode/src/gin-base/bootstrap/db.go:108
[12.365ms] [rows:-] SELECT count(*) FROM information_schema.statistics WHERE table_schema = 'go-test' AND table_name = 'users' AND index_name = 'idx_users_mobile'

2022/09/14 19:37:08 /Users/likangjian/wwwroot/gocode/pkg/mod/gorm.io/driver/mysql@v1.3.6/migrator.go:250
[7.037ms] [rows:-] SELECT DATABASE()

2022/09/14 19:37:08 /Users/likangjian/wwwroot/gocode/pkg/mod/gorm.io/driver/mysql@v1.3.6/migrator.go:253
[11.960ms] [rows:1] SELECT SCHEMA_NAME from Information_schema.SCHEMATA where SCHEMA_NAME LIKE 'go-test%' ORDER BY SCHEMA_NAME='go-test' DESC,SCHEMA_NAME limit 1

2022/09/14 19:37:08 /Users/likangjian/wwwroot/gocode/src/gin-base/bootstrap/db.go:108
[11.727ms] [rows:-] SELECT count(*) FROM information_schema.statistics WHERE table_schema = 'go-test' AND table_name = 'users' AND index_name = 'idx_users_deleted_at'

2022/09/14 19:37:08 /Users/likangjian/wwwroot/gocode/pkg/mod/gorm.io/driver/mysql@v1.3.6/migrator.go:250
[5.561ms] [rows:-] SELECT DATABASE()

2022/09/14 19:37:08 /Users/likangjian/wwwroot/gocode/pkg/mod/gorm.io/driver/mysql@v1.3.6/migrator.go:253
[10.983ms] [rows:1] SELECT SCHEMA_NAME from Information_schema.SCHEMATA where SCHEMA_NAME LIKE 'go-test%' ORDER BY SCHEMA_NAME='go-test' DESC,SCHEMA_NAME limit 1

2022/09/14 19:37:08 /Users/likangjian/wwwroot/gocode/src/gin-base/bootstrap/db.go:108
[11.417ms] [rows:-] SELECT count(*) FROM information_schema.tables WHERE table_schema = 'go-test' AND table_name = 'media' AND table_type = 'BASE TABLE'

2022/09/14 19:37:08 /Users/likangjian/wwwroot/gocode/pkg/mod/gorm.io/driver/mysql@v1.3.6/migrator.go:250
[5.973ms] [rows:-] SELECT DATABASE()

2022/09/14 19:37:08 /Users/likangjian/wwwroot/gocode/pkg/mod/gorm.io/driver/mysql@v1.3.6/migrator.go:253
[12.919ms] [rows:1] SELECT SCHEMA_NAME from Information_schema.SCHEMATA where SCHEMA_NAME LIKE 'go-test%' ORDER BY SCHEMA_NAME='go-test' DESC,SCHEMA_NAME limit 1

2022/09/14 19:37:08 /Users/likangjian/wwwroot/gocode/pkg/mod/gorm.io/driver/mysql@v1.3.6/migrator.go:163
[6.412ms] [rows:-] SELECT * FROM `media` LIMIT 1

2022/09/14 19:37:08 /Users/likangjian/wwwroot/gocode/pkg/mod/gorm.io/driver/mysql@v1.3.6/migrator.go:181
[12.728ms] [rows:-] SELECT column_name, column_default, is_nullable = 'YES', data_type, character_maximum_length, column_type, column_key, extra, column_comment, numeric_precision, numeric_scale FROM information_schema.columns WHERE table_schema = 'go-test' AND table_name = 'media' ORDER BY ORDINAL_POSITION

2022/09/14 19:37:08 /Users/likangjian/wwwroot/gocode/pkg/mod/gorm.io/driver/mysql@v1.3.6/migrator.go:250
[5.424ms] [rows:-] SELECT DATABASE()

2022/09/14 19:37:08 /Users/likangjian/wwwroot/gocode/pkg/mod/gorm.io/driver/mysql@v1.3.6/migrator.go:253
[12.601ms] [rows:1] SELECT SCHEMA_NAME from Information_schema.SCHEMATA where SCHEMA_NAME LIKE 'go-test%' ORDER BY SCHEMA_NAME='go-test' DESC,SCHEMA_NAME limit 1

2022/09/14 19:37:08 /Users/likangjian/wwwroot/gocode/src/gin-base/bootstrap/db.go:108
[11.393ms] [rows:-] SELECT count(*) FROM information_schema.statistics WHERE table_schema = 'go-test' AND table_name = 'media' AND index_name = 'idx_media_disk_type'

2022/09/14 19:38:40 /Users/likangjian/wwwroot/gocode/src/gin-base/app/services/media.go:72
[30.400ms] [rows:1] INSERT INTO `media` (`disk_type`,`src_type`,`src`,`created_at`,`updated_at`) VALUES ('kodo',1,'local/test/f87dc9d2-39e5-4709-bb49-5f879ff6bc83.png','2022-09-14 19:38:40.775','2022-09-14 19:38:40.775')

2022/09/14 19:39:57 /Users/likangjian/wwwroot/gocode/src/gin-base/app/services/media.go:72
[42.102ms] [rows:1] INSERT INTO `media` (`disk_type`,`src_type`,`src`,`created_at`,`updated_at`) VALUES ('kodo',1,'local/test/6feb884c-19fc-43c5-acbd-a75aba0181fc.png','2022-09-14 19:39:57.253','2022-09-14 19:39:57.253')

2022/09/14 19:40:02 /Users/likangjian/wwwroot/gocode/src/gin-base/app/services/media.go:72
[32.072ms] [rows:1] INSERT INTO `media` (`disk_type`,`src_type`,`src`,`created_at`,`updated_at`) VALUES ('kodo',1,'local/test/d102bc05-6e51-43a3-9959-cddd2abe801e.png','2022-09-14 19:40:02.88','2022-09-14 19:40:02.88')

2022/09/14 19:40:49 /Users/likangjian/wwwroot/gocode/src/gin-base/app/services/media.go:72
[29.185ms] [rows:1] INSERT INTO `media` (`disk_type`,`src_type`,`src`,`created_at`,`updated_at`) VALUES ('kodo',1,'local/test/2ad73032-d606-4fe1-8df0-e3ae09f72bff.png','2022-09-14 19:40:49.561','2022-09-14 19:40:49.561')

2022/09/14 19:41:29 /Users/likangjian/wwwroot/gocode/pkg/mod/gorm.io/driver/mysql@v1.3.6/migrator.go:250
[7.500ms] [rows:-] SELECT DATABASE()

2022/09/14 19:41:29 /Users/likangjian/wwwroot/gocode/pkg/mod/gorm.io/driver/mysql@v1.3.6/migrator.go:253
[16.032ms] [rows:1] SELECT SCHEMA_NAME from Information_schema.SCHEMATA where SCHEMA_NAME LIKE 'go-test%' ORDER BY SCHEMA_NAME='go-test' DESC,SCHEMA_NAME limit 1

2022/09/14 19:41:29 /Users/likangjian/wwwroot/gocode/src/gin-base/bootstrap/db.go:108
[15.595ms] [rows:-] SELECT count(*) FROM information_schema.tables WHERE table_schema = 'go-test' AND table_name = 'users' AND table_type = 'BASE TABLE'

2022/09/14 19:41:29 /Users/likangjian/wwwroot/gocode/pkg/mod/gorm.io/driver/mysql@v1.3.6/migrator.go:250
[7.816ms] [rows:-] SELECT DATABASE()

2022/09/14 19:41:29 /Users/likangjian/wwwroot/gocode/pkg/mod/gorm.io/driver/mysql@v1.3.6/migrator.go:253
[16.169ms] [rows:1] SELECT SCHEMA_NAME from Information_schema.SCHEMATA where SCHEMA_NAME LIKE 'go-test%' ORDER BY SCHEMA_NAME='go-test' DESC,SCHEMA_NAME limit 1

2022/09/14 19:41:29 /Users/likangjian/wwwroot/gocode/pkg/mod/gorm.io/driver/mysql@v1.3.6/migrator.go:163
[8.182ms] [rows:-] SELECT * FROM `users` LIMIT 1

2022/09/14 19:41:29 /Users/likangjian/wwwroot/gocode/pkg/mod/gorm.io/driver/mysql@v1.3.6/migrator.go:181
[16.061ms] [rows:-] SELECT column_name, column_default, is_nullable = 'YES', data_type, character_maximum_length, column_type, column_key, extra, column_comment, numeric_precision, numeric_scale FROM information_schema.columns WHERE table_schema = 'go-test' AND table_name = 'users' ORDER BY ORDINAL_POSITION

2022/09/14 19:41:29 /Users/likangjian/wwwroot/gocode/pkg/mod/gorm.io/driver/mysql@v1.3.6/migrator.go:250
[7.453ms] [rows:-] SELECT DATABASE()

2022/09/14 19:41:30 /Users/likangjian/wwwroot/gocode/pkg/mod/gorm.io/driver/mysql@v1.3.6/migrator.go:253
[15.793ms] [rows:1] SELECT SCHEMA_NAME from Information_schema.SCHEMATA where SCHEMA_NAME LIKE 'go-test%' ORDER BY SCHEMA_NAME='go-test' DESC,SCHEMA_NAME limit 1

2022/09/14 19:41:30 /Users/likangjian/wwwroot/gocode/src/gin-base/bootstrap/db.go:108
[16.272ms] [rows:-] SELECT count(*) FROM information_schema.statistics WHERE table_schema = 'go-test' AND table_name = 'users' AND index_name = 'idx_users_mobile'

2022/09/14 19:41:30 /Users/likangjian/wwwroot/gocode/pkg/mod/gorm.io/driver/mysql@v1.3.6/migrator.go:250
[8.051ms] [rows:-] SELECT DATABASE()

2022/09/14 19:41:30 /Users/likangjian/wwwroot/gocode/pkg/mod/gorm.io/driver/mysql@v1.3.6/migrator.go:253
[15.842ms] [rows:1] SELECT SCHEMA_NAME from Information_schema.SCHEMATA where SCHEMA_NAME LIKE 'go-test%' ORDER BY SCHEMA_NAME='go-test' DESC,SCHEMA_NAME limit 1

2022/09/14 19:41:30 /Users/likangjian/wwwroot/gocode/src/gin-base/bootstrap/db.go:108
[15.795ms] [rows:-] SELECT count(*) FROM information_schema.statistics WHERE table_schema = 'go-test' AND table_name = 'users' AND index_name = 'idx_users_deleted_at'

2022/09/14 19:41:30 /Users/likangjian/wwwroot/gocode/pkg/mod/gorm.io/driver/mysql@v1.3.6/migrator.go:250
[7.878ms] [rows:-] SELECT DATABASE()

2022/09/14 19:41:30 /Users/likangjian/wwwroot/gocode/pkg/mod/gorm.io/driver/mysql@v1.3.6/migrator.go:253
[18.655ms] [rows:1] SELECT SCHEMA_NAME from Information_schema.SCHEMATA where SCHEMA_NAME LIKE 'go-test%' ORDER BY SCHEMA_NAME='go-test' DESC,SCHEMA_NAME limit 1

2022/09/14 19:41:30 /Users/likangjian/wwwroot/gocode/src/gin-base/bootstrap/db.go:108
[15.330ms] [rows:-] SELECT count(*) FROM information_schema.tables WHERE table_schema = 'go-test' AND table_name = 'media' AND table_type = 'BASE TABLE'

2022/09/14 19:41:30 /Users/likangjian/wwwroot/gocode/pkg/mod/gorm.io/driver/mysql@v1.3.6/migrator.go:250
[7.214ms] [rows:-] SELECT DATABASE()

2022/09/14 19:41:30 /Users/likangjian/wwwroot/gocode/pkg/mod/gorm.io/driver/mysql@v1.3.6/migrator.go:253
[15.902ms] [rows:1] SELECT SCHEMA_NAME from Information_schema.SCHEMATA where SCHEMA_NAME LIKE 'go-test%' ORDER BY SCHEMA_NAME='go-test' DESC,SCHEMA_NAME limit 1

2022/09/14 19:41:30 /Users/likangjian/wwwroot/gocode/pkg/mod/gorm.io/driver/mysql@v1.3.6/migrator.go:163
[7.990ms] [rows:-] SELECT * FROM `media` LIMIT 1

2022/09/14 19:41:30 /Users/likangjian/wwwroot/gocode/pkg/mod/gorm.io/driver/mysql@v1.3.6/migrator.go:181
[16.253ms] [rows:-] SELECT column_name, column_default, is_nullable = 'YES', data_type, character_maximum_length, column_type, column_key, extra, column_comment, numeric_precision, numeric_scale FROM information_schema.columns WHERE table_schema = 'go-test' AND table_name = 'media' ORDER BY ORDINAL_POSITION

2022/09/14 19:41:30 /Users/likangjian/wwwroot/gocode/pkg/mod/gorm.io/driver/mysql@v1.3.6/migrator.go:250
[7.651ms] [rows:-] SELECT DATABASE()

2022/09/14 19:41:30 /Users/likangjian/wwwroot/gocode/pkg/mod/gorm.io/driver/mysql@v1.3.6/migrator.go:253
[15.789ms] [rows:1] SELECT SCHEMA_NAME from Information_schema.SCHEMATA where SCHEMA_NAME LIKE 'go-test%' ORDER BY SCHEMA_NAME='go-test' DESC,SCHEMA_NAME limit 1

2022/09/14 19:41:30 /Users/likangjian/wwwroot/gocode/src/gin-base/bootstrap/db.go:108
[16.202ms] [rows:-] SELECT count(*) FROM information_schema.statistics WHERE table_schema = 'go-test' AND table_name = 'media' AND index_name = 'idx_media_disk_type'

2022/09/14 19:44:14 /Users/likangjian/wwwroot/gocode/src/gin-base/app/services/media.go:72
[41.314ms] [rows:1] INSERT INTO `media` (`disk_type`,`src_type`,`src`,`created_at`,`updated_at`) VALUES ('kodo',1,'local/test/59b75561-0138-4a2b-9621-d4540f36e207.png','2022-09-14 19:44:14.081','2022-09-14 19:44:14.081')

2022/09/14 19:49:06 /Users/likangjian/wwwroot/gocode/pkg/mod/gorm.io/driver/mysql@v1.3.6/migrator.go:250
[4.939ms] [rows:-] SELECT DATABASE()

2022/09/14 19:49:06 /Users/likangjian/wwwroot/gocode/pkg/mod/gorm.io/driver/mysql@v1.3.6/migrator.go:253
[10.922ms] [rows:1] SELECT SCHEMA_NAME from Information_schema.SCHEMATA where SCHEMA_NAME LIKE 'go-test%' ORDER BY SCHEMA_NAME='go-test' DESC,SCHEMA_NAME limit 1

2022/09/14 19:49:06 /Users/likangjian/wwwroot/gocode/src/gin-base/bootstrap/db.go:108
[10.962ms] [rows:-] SELECT count(*) FROM information_schema.tables WHERE table_schema = 'go-test' AND table_name = 'users' AND table_type = 'BASE TABLE'

2022/09/14 19:49:06 /Users/likangjian/wwwroot/gocode/pkg/mod/gorm.io/driver/mysql@v1.3.6/migrator.go:250
[4.993ms] [rows:-] SELECT DATABASE()

2022/09/14 19:49:06 /Users/likangjian/wwwroot/gocode/pkg/mod/gorm.io/driver/mysql@v1.3.6/migrator.go:253
[9.555ms] [rows:1] SELECT SCHEMA_NAME from Information_schema.SCHEMATA where SCHEMA_NAME LIKE 'go-test%' ORDER BY SCHEMA_NAME='go-test' DESC,SCHEMA_NAME limit 1

2022/09/14 19:49:06 /Users/likangjian/wwwroot/gocode/pkg/mod/gorm.io/driver/mysql@v1.3.6/migrator.go:163
[5.215ms] [rows:-] SELECT * FROM `users` LIMIT 1

2022/09/14 19:49:06 /Users/likangjian/wwwroot/gocode/pkg/mod/gorm.io/driver/mysql@v1.3.6/migrator.go:181
[11.973ms] [rows:-] SELECT column_name, column_default, is_nullable = 'YES', data_type, character_maximum_length, column_type, column_key, extra, column_comment, numeric_precision, numeric_scale FROM information_schema.columns WHERE table_schema = 'go-test' AND table_name = 'users' ORDER BY ORDINAL_POSITION

2022/09/14 19:49:06 /Users/likangjian/wwwroot/gocode/pkg/mod/gorm.io/driver/mysql@v1.3.6/migrator.go:250
[5.113ms] [rows:-] SELECT DATABASE()

2022/09/14 19:49:06 /Users/likangjian/wwwroot/gocode/pkg/mod/gorm.io/driver/mysql@v1.3.6/migrator.go:253
[9.116ms] [rows:1] SELECT SCHEMA_NAME from Information_schema.SCHEMATA where SCHEMA_NAME LIKE 'go-test%' ORDER BY SCHEMA_NAME='go-test' DESC,SCHEMA_NAME limit 1

2022/09/14 19:49:06 /Users/likangjian/wwwroot/gocode/src/gin-base/bootstrap/db.go:108
[10.486ms] [rows:-] SELECT count(*) FROM information_schema.statistics WHERE table_schema = 'go-test' AND table_name = 'users' AND index_name = 'idx_users_mobile'

2022/09/14 19:49:07 /Users/likangjian/wwwroot/gocode/pkg/mod/gorm.io/driver/mysql@v1.3.6/migrator.go:250
[4.674ms] [rows:-] SELECT DATABASE()

2022/09/14 19:49:07 /Users/likangjian/wwwroot/gocode/pkg/mod/gorm.io/driver/mysql@v1.3.6/migrator.go:253
[9.475ms] [rows:1] SELECT SCHEMA_NAME from Information_schema.SCHEMATA where SCHEMA_NAME LIKE 'go-test%' ORDER BY SCHEMA_NAME='go-test' DESC,SCHEMA_NAME limit 1

2022/09/14 19:49:07 /Users/likangjian/wwwroot/gocode/src/gin-base/bootstrap/db.go:108
[11.606ms] [rows:-] SELECT count(*) FROM information_schema.statistics WHERE table_schema = 'go-test' AND table_name = 'users' AND index_name = 'idx_users_deleted_at'

2022/09/14 19:49:07 /Users/likangjian/wwwroot/gocode/pkg/mod/gorm.io/driver/mysql@v1.3.6/migrator.go:250
[4.470ms] [rows:-] SELECT DATABASE()

2022/09/14 19:49:07 /Users/likangjian/wwwroot/gocode/pkg/mod/gorm.io/driver/mysql@v1.3.6/migrator.go:253
[10.170ms] [rows:1] SELECT SCHEMA_NAME from Information_schema.SCHEMATA where SCHEMA_NAME LIKE 'go-test%' ORDER BY SCHEMA_NAME='go-test' DESC,SCHEMA_NAME limit 1

2022/09/14 19:49:07 /Users/likangjian/wwwroot/gocode/src/gin-base/bootstrap/db.go:108
[11.328ms] [rows:-] SELECT count(*) FROM information_schema.tables WHERE table_schema = 'go-test' AND table_name = 'media' AND table_type = 'BASE TABLE'

2022/09/14 19:49:07 /Users/likangjian/wwwroot/gocode/pkg/mod/gorm.io/driver/mysql@v1.3.6/migrator.go:250
[4.906ms] [rows:-] SELECT DATABASE()

2022/09/14 19:49:07 /Users/likangjian/wwwroot/gocode/pkg/mod/gorm.io/driver/mysql@v1.3.6/migrator.go:253
[10.385ms] [rows:1] SELECT SCHEMA_NAME from Information_schema.SCHEMATA where SCHEMA_NAME LIKE 'go-test%' ORDER BY SCHEMA_NAME='go-test' DESC,SCHEMA_NAME limit 1

2022/09/14 19:49:07 /Users/likangjian/wwwroot/gocode/pkg/mod/gorm.io/driver/mysql@v1.3.6/migrator.go:163
[5.570ms] [rows:-] SELECT * FROM `media` LIMIT 1

2022/09/14 19:49:07 /Users/likangjian/wwwroot/gocode/pkg/mod/gorm.io/driver/mysql@v1.3.6/migrator.go:181
[11.552ms] [rows:-] SELECT column_name, column_default, is_nullable = 'YES', data_type, character_maximum_length, column_type, column_key, extra, column_comment, numeric_precision, numeric_scale FROM information_schema.columns WHERE table_schema = 'go-test' AND table_name = 'media' ORDER BY ORDINAL_POSITION

2022/09/14 19:49:07 /Users/likangjian/wwwroot/gocode/pkg/mod/gorm.io/driver/mysql@v1.3.6/migrator.go:250
[4.200ms] [rows:-] SELECT DATABASE()

2022/09/14 19:49:07 /Users/likangjian/wwwroot/gocode/pkg/mod/gorm.io/driver/mysql@v1.3.6/migrator.go:253
[9.224ms] [rows:1] SELECT SCHEMA_NAME from Information_schema.SCHEMATA where SCHEMA_NAME LIKE 'go-test%' ORDER BY SCHEMA_NAME='go-test' DESC,SCHEMA_NAME limit 1

2022/09/14 19:49:07 /Users/likangjian/wwwroot/gocode/src/gin-base/bootstrap/db.go:108
[9.952ms] [rows:-] SELECT count(*) FROM information_schema.statistics WHERE table_schema = 'go-test' AND table_name = 'media' AND index_name = 'idx_media_disk_type'

2022/09/14 19:49:30 /Users/likangjian/wwwroot/gocode/src/gin-base/app/services/media.go:72
[26.935ms] [rows:1] INSERT INTO `media` (`disk_type`,`src_type`,`src`,`created_at`,`updated_at`) VALUES ('minio',1,'local/test/fed084e3-34c8-4466-a3d9-af1f3e859a99.png','2022-09-14 19:49:30.17','2022-09-14 19:49:30.17')

2022/09/14 19:54:14 /Users/likangjian/wwwroot/gocode/pkg/mod/gorm.io/driver/mysql@v1.3.6/migrator.go:250
[4.235ms] [rows:-] SELECT DATABASE()

2022/09/14 19:54:14 /Users/likangjian/wwwroot/gocode/pkg/mod/gorm.io/driver/mysql@v1.3.6/migrator.go:253
[11.490ms] [rows:1] SELECT SCHEMA_NAME from Information_schema.SCHEMATA where SCHEMA_NAME LIKE 'go-test%' ORDER BY SCHEMA_NAME='go-test' DESC,SCHEMA_NAME limit 1

2022/09/14 19:54:14 /Users/likangjian/wwwroot/gocode/src/gin-base/bootstrap/db.go:108
[10.454ms] [rows:-] SELECT count(*) FROM information_schema.tables WHERE table_schema = 'go-test' AND table_name = 'users' AND table_type = 'BASE TABLE'

2022/09/14 19:54:14 /Users/likangjian/wwwroot/gocode/pkg/mod/gorm.io/driver/mysql@v1.3.6/migrator.go:250
[5.193ms] [rows:-] SELECT DATABASE()

2022/09/14 19:54:14 /Users/likangjian/wwwroot/gocode/pkg/mod/gorm.io/driver/mysql@v1.3.6/migrator.go:253
[9.419ms] [rows:1] SELECT SCHEMA_NAME from Information_schema.SCHEMATA where SCHEMA_NAME LIKE 'go-test%' ORDER BY SCHEMA_NAME='go-test' DESC,SCHEMA_NAME limit 1

2022/09/14 19:54:14 /Users/likangjian/wwwroot/gocode/pkg/mod/gorm.io/driver/mysql@v1.3.6/migrator.go:163
[5.326ms] [rows:-] SELECT * FROM `users` LIMIT 1

2022/09/14 19:54:14 /Users/likangjian/wwwroot/gocode/pkg/mod/gorm.io/driver/mysql@v1.3.6/migrator.go:181
[11.871ms] [rows:-] SELECT column_name, column_default, is_nullable = 'YES', data_type, character_maximum_length, column_type, column_key, extra, column_comment, numeric_precision, numeric_scale FROM information_schema.columns WHERE table_schema = 'go-test' AND table_name = 'users' ORDER BY ORDINAL_POSITION

2022/09/14 19:54:14 /Users/likangjian/wwwroot/gocode/pkg/mod/gorm.io/driver/mysql@v1.3.6/migrator.go:250
[4.182ms] [rows:-] SELECT DATABASE()

2022/09/14 19:54:14 /Users/likangjian/wwwroot/gocode/pkg/mod/gorm.io/driver/mysql@v1.3.6/migrator.go:253
[9.076ms] [rows:1] SELECT SCHEMA_NAME from Information_schema.SCHEMATA where SCHEMA_NAME LIKE 'go-test%' ORDER BY SCHEMA_NAME='go-test' DESC,SCHEMA_NAME limit 1

2022/09/14 19:54:14 /Users/likangjian/wwwroot/gocode/src/gin-base/bootstrap/db.go:108
[11.298ms] [rows:-] SELECT count(*) FROM information_schema.statistics WHERE table_schema = 'go-test' AND table_name = 'users' AND index_name = 'idx_users_mobile'

2022/09/14 19:54:14 /Users/likangjian/wwwroot/gocode/pkg/mod/gorm.io/driver/mysql@v1.3.6/migrator.go:250
[5.339ms] [rows:-] SELECT DATABASE()

2022/09/14 19:54:14 /Users/likangjian/wwwroot/gocode/pkg/mod/gorm.io/driver/mysql@v1.3.6/migrator.go:253
[11.233ms] [rows:1] SELECT SCHEMA_NAME from Information_schema.SCHEMATA where SCHEMA_NAME LIKE 'go-test%' ORDER BY SCHEMA_NAME='go-test' DESC,SCHEMA_NAME limit 1

2022/09/14 19:54:14 /Users/likangjian/wwwroot/gocode/src/gin-base/bootstrap/db.go:108
[10.175ms] [rows:-] SELECT count(*) FROM information_schema.statistics WHERE table_schema = 'go-test' AND table_name = 'users' AND index_name = 'idx_users_deleted_at'

2022/09/14 19:54:14 /Users/likangjian/wwwroot/gocode/pkg/mod/gorm.io/driver/mysql@v1.3.6/migrator.go:250
[4.644ms] [rows:-] SELECT DATABASE()

2022/09/14 19:54:14 /Users/likangjian/wwwroot/gocode/pkg/mod/gorm.io/driver/mysql@v1.3.6/migrator.go:253
[9.163ms] [rows:1] SELECT SCHEMA_NAME from Information_schema.SCHEMATA where SCHEMA_NAME LIKE 'go-test%' ORDER BY SCHEMA_NAME='go-test' DESC,SCHEMA_NAME limit 1

2022/09/14 19:54:14 /Users/likangjian/wwwroot/gocode/src/gin-base/bootstrap/db.go:108
[11.354ms] [rows:-] SELECT count(*) FROM information_schema.tables WHERE table_schema = 'go-test' AND table_name = 'media' AND table_type = 'BASE TABLE'

2022/09/14 19:54:14 /Users/likangjian/wwwroot/gocode/pkg/mod/gorm.io/driver/mysql@v1.3.6/migrator.go:250
[5.127ms] [rows:-] SELECT DATABASE()

2022/09/14 19:54:14 /Users/likangjian/wwwroot/gocode/pkg/mod/gorm.io/driver/mysql@v1.3.6/migrator.go:253
[10.247ms] [rows:1] SELECT SCHEMA_NAME from Information_schema.SCHEMATA where SCHEMA_NAME LIKE 'go-test%' ORDER BY SCHEMA_NAME='go-test' DESC,SCHEMA_NAME limit 1

2022/09/14 19:54:14 /Users/likangjian/wwwroot/gocode/pkg/mod/gorm.io/driver/mysql@v1.3.6/migrator.go:163
[5.784ms] [rows:-] SELECT * FROM `media` LIMIT 1

2022/09/14 19:54:14 /Users/likangjian/wwwroot/gocode/pkg/mod/gorm.io/driver/mysql@v1.3.6/migrator.go:181
[20.386ms] [rows:-] SELECT column_name, column_default, is_nullable = 'YES', data_type, character_maximum_length, column_type, column_key, extra, column_comment, numeric_precision, numeric_scale FROM information_schema.columns WHERE table_schema = 'go-test' AND table_name = 'media' ORDER BY ORDINAL_POSITION

2022/09/14 19:54:14 /Users/likangjian/wwwroot/gocode/pkg/mod/gorm.io/driver/mysql@v1.3.6/migrator.go:250
[5.122ms] [rows:-] SELECT DATABASE()

2022/09/14 19:54:14 /Users/likangjian/wwwroot/gocode/pkg/mod/gorm.io/driver/mysql@v1.3.6/migrator.go:253
[10.047ms] [rows:1] SELECT SCHEMA_NAME from Information_schema.SCHEMATA where SCHEMA_NAME LIKE 'go-test%' ORDER BY SCHEMA_NAME='go-test' DESC,SCHEMA_NAME limit 1

2022/09/14 19:54:14 /Users/likangjian/wwwroot/gocode/src/gin-base/bootstrap/db.go:108
[10.540ms] [rows:-] SELECT count(*) FROM information_schema.statistics WHERE table_schema = 'go-test' AND table_name = 'media' AND index_name = 'idx_media_disk_type'

2022/09/14 19:54:28 /Users/likangjian/wwwroot/gocode/src/gin-base/app/services/media.go:72
[27.552ms] [rows:1] INSERT INTO `media` (`disk_type`,`src_type`,`src`,`created_at`,`updated_at`) VALUES ('local',1,'local/test/e8225ca4-91f5-4359-87d0-75e53748af01.png','2022-09-14 19:54:28.088','2022-09-14 19:54:28.088')
